  Player.cpp
c:\users\user\documents\sp3remade\base\source\player.cpp(50): warning C4305: 'argument' : truncation from 'double' to 'float'
c:\users\user\documents\sp3remade\base\source\player.cpp(51): warning C4305: 'argument' : truncation from 'double' to 'float'
c:\users\user\documents\sp3remade\base\source\player.cpp(135): warning C4244: '-=' : conversion from 'double' to 'float', possible loss of data
c:\users\user\documents\sp3remade\base\source\player.cpp(136): warning C4244: '*=' : conversion from 'float' to 'int', possible loss of data
c:\users\user\documents\sp3remade\base\source\player.cpp(143): warning C4244: '+=' : conversion from 'double' to 'float', possible loss of data
c:\users\user\documents\sp3remade\base\source\player.cpp(157): warning C4244: '+=' : conversion from 'double' to 'float', possible loss of data
c:\users\user\documents\sp3remade\base\source\player.cpp(161): warning C4244: '-=' : conversion from 'double' to 'float', possible loss of data
c:\users\user\documents\sp3remade\base\source\player.cpp(165): warning C4244: '-=' : conversion from 'double' to 'float', possible loss of data
c:\users\user\documents\sp3remade\base\source\player.cpp(169): warning C4244: '+=' : conversion from 'double' to 'float', possible loss of data
c:\users\user\documents\sp3remade\base\source\player.cpp(175): warning C4244: '-=' : conversion from 'double' to 'float', possible loss of data
c:\users\user\documents\sp3remade\base\source\player.cpp(181): warning C4244: '+=' : conversion from 'double' to 'float', possible loss of data
c:\users\user\documents\sp3remade\base\source\player.cpp(189): warning C4244: '-=' : conversion from 'double' to 'float', possible loss of data
c:\users\user\documents\sp3remade\base\source\player.cpp(193): warning C4244: '-=' : conversion from 'double' to 'float', possible loss of data
c:\users\user\documents\sp3remade\base\source\player.cpp(237): warning C4244: 'argument' : conversion from 'int' to 'float', possible loss of data
c:\users\user\documents\sp3remade\base\source\player.cpp(296): warning C4244: '+=' : conversion from 'double' to 'float', possible loss of data
c:\users\user\documents\sp3remade\base\source\player.cpp(310): warning C4244: '+=' : conversion from 'double' to 'float', possible loss of data
c:\users\user\documents\sp3remade\base\source\player.cpp(346): warning C4244: '+=' : conversion from 'double' to 'float', possible loss of data
c:\users\user\documents\sp3remade\base\source\player.cpp(352): warning C4244: '+=' : conversion from 'double' to 'float', possible loss of data
c:\users\user\documents\sp3remade\base\source\player.cpp(358): warning C4244: '+=' : conversion from 'double' to 'float', possible loss of data
c:\users\user\documents\sp3remade\base\source\player.cpp(364): warning C4244: '+=' : conversion from 'double' to 'float', possible loss of data
c:\users\user\documents\sp3remade\base\source\player.cpp(502): warning C4305: 'argument' : truncation from 'double' to 'float'
c:\users\user\documents\sp3remade\base\source\player.cpp(502): warning C4244: 'argument' : conversion from 'int' to 'float', possible loss of data
c:\users\user\documents\sp3remade\base\source\player.cpp(490): warning C4715: 'PlayerClass::getPlayerMesh2' : not all control paths return a value
Additional_Functions.obj : warning LNK4075: ignoring '/EDITANDCONTINUE' due to '/OPT:LBR' specification
LINK : warning LNK4098: defaultlib 'MSVCRT' conflicts with use of other libs; use /NODEFAULTLIB:library
  Base.vcxproj -> C:\Users\user\Documents\SP3Remade\Debug\Base.exe
