<<<<<<< 19d85a58dfc95acee1b50707f35dc80a0a1598a4
d:\nyp projects\sp3\edited pull\common\debug\vc120.pdb
d:\nyp projects\sp3\edited pull\common\debug\vc120.idb
d:\nyp projects\sp3\edited pull\common\debug\mathutility.obj
d:\nyp projects\sp3\edited pull\common\debug\matrixstack.obj
d:\nyp projects\sp3\edited pull\common\debug\mtx44.obj
d:\nyp projects\sp3\edited pull\common\debug\timer.obj
d:\nyp projects\sp3\edited pull\common\debug\vector2.obj
d:\nyp projects\sp3\edited pull\common\debug\vector3.obj
d:\nyp projects\sp3\edited pull\debug\common.lib
d:\nyp projects\sp3\edited pull\common\debug\common.tlog\cl.command.1.tlog
d:\nyp projects\sp3\edited pull\common\debug\common.tlog\cl.read.1.tlog
d:\nyp projects\sp3\edited pull\common\debug\common.tlog\cl.write.1.tlog
d:\nyp projects\sp3\edited pull\common\debug\common.tlog\lib-link.read.1.tlog
d:\nyp projects\sp3\edited pull\common\debug\common.tlog\lib-link.write.1.tlog
d:\nyp projects\sp3\edited pull\common\debug\common.tlog\lib.command.1.tlog
=======
c:\users\sword_000\desktop\sp3\common\debug\vc120.pdb
c:\users\sword_000\desktop\sp3\common\debug\vc120.idb
c:\users\sword_000\desktop\sp3\common\debug\mathutility.obj
c:\users\sword_000\desktop\sp3\common\debug\matrixstack.obj
c:\users\sword_000\desktop\sp3\common\debug\mtx44.obj
c:\users\sword_000\desktop\sp3\common\debug\vector2.obj
c:\users\sword_000\desktop\sp3\common\debug\vector3.obj
c:\users\sword_000\desktop\sp3\common\debug\timer.obj
c:\users\sword_000\desktop\sp3\debug\common.lib
c:\users\sword_000\desktop\sp3\common\debug\common.tlog\cl.command.1.tlog
c:\users\sword_000\desktop\sp3\common\debug\common.tlog\cl.read.1.tlog
c:\users\sword_000\desktop\sp3\common\debug\common.tlog\cl.write.1.tlog
c:\users\sword_000\desktop\sp3\common\debug\common.tlog\lib-link.read.1.tlog
c:\users\sword_000\desktop\sp3\common\debug\common.tlog\lib-link.write.1.tlog
c:\users\sword_000\desktop\sp3\common\debug\common.tlog\lib.command.1.tlog
>>>>>>> ThrchLight!!
