<<<<<<< b9d2f34fccd01b2e75a1a5d3073f5e45548f1718
<<<<<<< HEAD
﻿Build started 23/8/2016 1:00:58 PM.
     1>Project "D:\SP3 Life Problems\SP3MAKEITSTOP\MAKE IT STOP\Common\Common.vcxproj" on node 2 (Build target(s)).
     1>Lib:
         Common.vcxproj -> D:\SP3 Life Problems\SP3MAKEITSTOP\MAKE IT STOP\Debug\Common.lib
     1>Done Building Project "D:\SP3 Life Problems\SP3MAKEITSTOP\MAKE IT STOP\Common\Common.vcxproj" (Build target(s)).

Build succeeded.

Time Elapsed 00:00:00.03
=======
﻿  Vector3.cpp
  Vector2.cpp
  timer.cpp
  Mtx44.cpp
  MatrixStack.cpp
  MathUtility.cpp
  Generating Code...
  Common.vcxproj -> C:\Users\user\Documents\SP3Remade\Debug\Common.lib
>>>>>>> 9727ecc4657466dded9e231a78989c3798a77547
=======
﻿生成启动时间为 23/8/2016 下午 3:18:23。
     1>项目“C:\Users\sword_000\Desktop\SP3\Common\Common.vcxproj”在节点 2 上(Build 个目标)。
     1>Lib:
         Common.vcxproj -> C:\Users\sword_000\Desktop\SP3\Debug\Common.lib
     1>已完成生成项目“C:\Users\sword_000\Desktop\SP3\Common\Common.vcxproj”(Build 个目标)的操作。

生成成功。

已用时间 00:00:00.04
>>>>>>> ??????????????????????????
